<?xml version="1.0" encoding="UTF-8"?>
<!-- Generated by org.testng.reporters.JUnitReportReporter -->
<testsuite hostname="LAPTOP-8GD78RI5" failures="0" tests="1" name="com.Tests.HomePageTests" time="16.992" errors="0" timestamp="2023-10-26T15:42:30 IST" skipped="0">
  <testcase classname="com.Tests.HomePageTests" name="ValidateProfileAboutFuctionality" time="16.992"/>
</testsuite> <!-- com.Tests.HomePageTests -->
