<?xml version="1.0" encoding="UTF-8"?>
<!-- Generated by org.testng.reporters.JUnitReportReporter -->
<testsuite hostname="LAPTOP-8GD78RI5" failures="0" tests="1" name="com.Tests.LoginTests" time="22.834" errors="0" timestamp="2023-10-19T17:14:54 IST" skipped="0">
  <testcase classname="com.Tests.LoginTests" name="validateForgotpasswordLink" time="22.834"/>
</testsuite> <!-- com.Tests.LoginTests -->
