<?xml version="1.0" encoding="UTF-8"?>
<!-- Generated by org.testng.reporters.JUnitReportReporter -->
<testsuite hostname="LAPTOP-8GD78RI5" failures="0" tests="3" name="com.Tests.LoginTestsExelData" time="36.350" errors="0" timestamp="2023-10-25T13:56:27 IST" skipped="0">
  <testcase classname="com.Tests.LoginTestsExelData" name="LoginCredential" time="8.106"/>
  <testcase classname="com.Tests.LoginTestsExelData" name="LoginCredential" time="20.286"/>
  <testcase classname="com.Tests.LoginTestsExelData" name="LoginCredential" time="7.958"/>
</testsuite> <!-- com.Tests.LoginTestsExelData -->
