<?xml version="1.0" encoding="UTF-8"?>
<!-- Generated by org.testng.reporters.JUnitReportReporter -->
<testsuite hostname="LAPTOP-8GD78RI5" failures="0" tests="21" name="com.Tests.HomePageTests" time="429.457" errors="0" timestamp="2023-10-26T22:25:35 IST" skipped="0">
  <testcase classname="com.Tests.HomePageTests" name="ValidateHelpLinkFunctionality" time="19.437"/>
  <testcase classname="com.Tests.HomePageTests" name="ValidateProfileChangePasswordFunctionality" time="21.518"/>
  <testcase classname="com.Tests.HomePageTests" name="ValidateProfileAboutFuctionality" time="26.471"/>
  <testcase classname="com.Tests.HomePageTests" name="ValidateRecruitment_Module" time="20.799"/>
  <testcase classname="com.Tests.HomePageTests" name="ValidateDashboard_Module" time="18.361"/>
  <testcase classname="com.Tests.HomePageTests" name="ValidateMaintenance_Module" time="15.641"/>
  <testcase classname="com.Tests.HomePageTests" name="ValidateAdmin_Module" time="21.337"/>
  <testcase classname="com.Tests.HomePageTests" name="ValidatePIM_Module" time="24.369"/>
  <testcase classname="com.Tests.HomePageTests" name="ValidateLogo" time="20.879"/>
  <testcase classname="com.Tests.HomePageTests" name="ValidatePerformance_Module" time="14.849"/>
  <testcase classname="com.Tests.HomePageTests" name="ValidateDirectory_Module" time="16.702"/>
  <testcase classname="com.Tests.HomePageTests" name="ValidateLeave_Module" time="18.412"/>
  <testcase classname="com.Tests.HomePageTests" name="ValidateMyInfo_Module" time="22.783"/>
  <testcase classname="com.Tests.HomePageTests" name="ValidateClaim_Module" time="17.250"/>
  <testcase classname="com.Tests.HomePageTests" name="ValidateProfileTab" time="19.613"/>
  <testcase classname="com.Tests.HomePageTests" name="ValidateSearchFunctionality" time="21.893"/>
  <testcase classname="com.Tests.HomePageTests" name="ValidateProfileSupportFunctionality" time="18.760"/>
  <testcase classname="com.Tests.HomePageTests" name="ValidateTime_Module" time="22.109"/>
  <testcase classname="com.Tests.HomePageTests" name="ValidateProfileLogoutFunctionality" time="22.473"/>
  <testcase classname="com.Tests.HomePageTests" name="ValidateLeftArrow" time="25.808"/>
  <testcase classname="com.Tests.HomePageTests" name="ValidateBuzz_Module" time="19.993"/>
</testsuite> <!-- com.Tests.HomePageTests -->
