<?xml version="1.0" encoding="UTF-8"?>
<!-- Generated by org.testng.reporters.JUnitReportReporter -->
<testsuite hostname="Nagesh" failures="0" tests="4" name="com.Tests.LoginTestsExelData" time="63.465" errors="0" timestamp="2023-12-07T13:55:17 IST" skipped="0">
  <testcase classname="com.Tests.LoginTestsExelData" name="LoginWithSingleExelCredential" time="22.723"/>
  <testcase classname="com.Tests.LoginTestsExelData" name="LoginCredential" time="10.490"/>
  <testcase classname="com.Tests.LoginTestsExelData" name="LoginCredential" time="10.414"/>
  <testcase classname="com.Tests.LoginTestsExelData" name="LoginCredential" time="19.838"/>
</testsuite> <!-- com.Tests.LoginTestsExelData -->
