<?xml version="1.0" encoding="UTF-8"?>
<!-- Generated by org.testng.reporters.JUnitReportReporter -->
<testsuite hostname="LAPTOP-8GD78RI5" failures="0" tests="1" name="com.base.Base" time="19.315" errors="0" timestamp="2023-10-11T17:13:42 IST" skipped="0">
  <testcase classname="com.base.Base" name="message" time="19.315"/>
</testsuite> <!-- com.base.Base -->
