<?xml version="1.0" encoding="UTF-8"?>
<!-- Generated by org.testng.reporters.JUnitReportReporter -->
<testsuite hostname="LAPTOP-8GD78RI5" failures="0" tests="4" name="com.Tests.LoginTestsExelData" time="83.413" errors="0" timestamp="2023-10-26T22:25:35 IST" skipped="0">
  <testcase classname="com.Tests.LoginTestsExelData" name="LoginCredential" time="17.314"/>
  <testcase classname="com.Tests.LoginTestsExelData" name="LoginCredential" time="21.540"/>
  <testcase classname="com.Tests.LoginTestsExelData" name="LoginCredential" time="22.407"/>
  <testcase classname="com.Tests.LoginTestsExelData" name="LoginWithSingleExelCredential" time="22.152"/>
</testsuite> <!-- com.Tests.LoginTestsExelData -->
