<?xml version="1.0" encoding="UTF-8"?>
<!-- Generated by org.testng.reporters.JUnitReportReporter -->
<testsuite hostname="LAPTOP-8GD78RI5" failures="0" tests="1" name="com.Tests.ForgotPasswordPageTests" time="20.588" errors="0" timestamp="2023-10-23T21:05:08 IST" skipped="0">
  <testcase classname="com.Tests.ForgotPasswordPageTests" name="ValidateResetPasswordButton" time="20.588"/>
</testsuite> <!-- com.Tests.ForgotPasswordPageTests -->
