<?xml version="1.0" encoding="UTF-8"?>
<!-- Generated by org.testng.reporters.JUnitReportReporter -->
<testsuite hostname="Nagesh" failures="0" tests="21" name="com.Tests.HomePageTests" time="299.317" errors="0" timestamp="2023-12-07T13:55:17 IST" skipped="0">
  <testcase classname="com.Tests.HomePageTests" name="ValidateClaim_Module" time="14.317"/>
  <testcase classname="com.Tests.HomePageTests" name="ValidateLeave_Module" time="12.347"/>
  <testcase classname="com.Tests.HomePageTests" name="ValidateProfileTab" time="12.320"/>
  <testcase classname="com.Tests.HomePageTests" name="ValidateMaintenance_Module" time="16.488"/>
  <testcase classname="com.Tests.HomePageTests" name="ValidateAdmin_Module" time="11.564"/>
  <testcase classname="com.Tests.HomePageTests" name="ValidateTime_Module" time="11.599"/>
  <testcase classname="com.Tests.HomePageTests" name="ValidateBuzz_Module" time="13.659"/>
  <testcase classname="com.Tests.HomePageTests" name="ValidateHelpLinkFunctionality" time="15.361"/>
  <testcase classname="com.Tests.HomePageTests" name="ValidateProfileLogoutFunctionality" time="13.044"/>
  <testcase classname="com.Tests.HomePageTests" name="ValidateProfileAboutFuctionality" time="15.665"/>
  <testcase classname="com.Tests.HomePageTests" name="ValidateProfileChangePasswordFunctionality" time="12.544"/>
  <testcase classname="com.Tests.HomePageTests" name="ValidateProfileSupportFunctionality" time="18.740"/>
  <testcase classname="com.Tests.HomePageTests" name="ValidatePerformance_Module" time="15.266"/>
  <testcase classname="com.Tests.HomePageTests" name="ValidateDashboard_Module" time="15.199"/>
  <testcase classname="com.Tests.HomePageTests" name="ValidatePIM_Module" time="13.636"/>
  <testcase classname="com.Tests.HomePageTests" name="ValidateDirectory_Module" time="12.927"/>
  <testcase classname="com.Tests.HomePageTests" name="ValidateLeftArrow" time="22.251"/>
  <testcase classname="com.Tests.HomePageTests" name="ValidateMyInfo_Module" time="11.895"/>
  <testcase classname="com.Tests.HomePageTests" name="ValidateLogo" time="12.472"/>
  <testcase classname="com.Tests.HomePageTests" name="ValidateSearchFunctionality" time="13.385"/>
  <testcase classname="com.Tests.HomePageTests" name="ValidateRecruitment_Module" time="14.638"/>
</testsuite> <!-- com.Tests.HomePageTests -->
