<?xml version="1.0" encoding="UTF-8"?>
<!-- Generated by org.testng.reporters.JUnitReportReporter -->
<testsuite hostname="LAPTOP-8GD78RI5" failures="0" tests="1" name="com.Tests.ForgotPasswordPageTests" time="27.814" errors="0" timestamp="2023-10-23T12:32:20 IST" skipped="0">
  <testcase classname="com.Tests.ForgotPasswordPageTests" name="enterValidEmail" time="27.814"/>
</testsuite> <!-- com.Tests.ForgotPasswordPageTests -->
