<?xml version="1.0" encoding="UTF-8"?>
<!-- Generated by org.testng.reporters.JUnitReportReporter -->
<testsuite hostname="Nagesh" failures="0" tests="1" name="com.Tests.LoginTests" time="23.522" errors="0" timestamp="2024-02-06T12:51:08 IST" skipped="0">
  <testcase classname="com.Tests.LoginTests" name="ValidateLogo" time="23.522"/>
</testsuite> <!-- com.Tests.LoginTests -->
