<?xml version="1.0" encoding="UTF-8"?>
<!-- Generated by org.testng.reporters.JUnitReportReporter -->
<testsuite hostname="LAPTOP-8GD78RI5" failures="0" tests="1" name="com.Tests.LoginTestsExelData" time="30.573" errors="0" timestamp="2023-10-20T15:59:45 IST" skipped="0">
  <testcase classname="com.Tests.LoginTestsExelData" name="LoginWithSingleExelCredential" time="30.573"/>
</testsuite> <!-- com.Tests.LoginTestsExelData -->
