<?xml version="1.0" encoding="UTF-8"?>
<!-- Generated by org.testng.reporters.JUnitReportReporter -->
<testsuite hostname="LAPTOP-8GD78RI5" failures="0" tests="1" name="com.Tests.HomePageTests" time="13.431" errors="0" timestamp="2023-10-20T12:21:13 IST" skipped="0">
  <testcase classname="com.Tests.HomePageTests" name="ValidateLeftArrow" time="13.431"/>
</testsuite> <!-- com.Tests.HomePageTests -->
