<?xml version="1.0" encoding="UTF-8"?>
<!-- Generated by org.testng.reporters.JUnitReportReporter -->
<testsuite hostname="LAPTOP-8GD78RI5" failures="0" tests="5" name="com.Tests.LoginTests" time="115.513" errors="0" timestamp="2023-10-19T22:31:40 IST" skipped="0">
  <testcase classname="com.Tests.LoginTests" name="ValidateTitle" time="13.462"/>
  <testcase classname="com.Tests.LoginTests" name="validateLogo" time="22.173"/>
  <testcase classname="com.Tests.LoginTests" name="LoginWithValidCredential" time="25.705"/>
  <testcase classname="com.Tests.LoginTests" name="ValidateURL" time="37.139"/>
  <testcase classname="com.Tests.LoginTests" name="validateForgotpasswordLink" time="17.034"/>
</testsuite> <!-- com.Tests.LoginTests -->
