<?xml version="1.0" encoding="UTF-8"?>
<!-- Generated by org.testng.reporters.JUnitReportReporter -->
<testsuite hostname="LAPTOP-8GD78RI5" failures="0" tests="1" name="com.Tests.LoginTests" time="17.353" errors="0" timestamp="2023-10-25T22:08:19 IST" skipped="0">
  <testcase classname="com.Tests.LoginTests" name="ValidateLogoBanner" time="17.353"/>
</testsuite> <!-- com.Tests.LoginTests -->
