<?xml version="1.0" encoding="UTF-8"?>
<!-- Generated by org.testng.reporters.JUnitReportReporter -->
<testsuite hostname="LAPTOP-8GD78RI5" failures="0" tests="1" name="com.Tests.PIMTests" time="23.408" errors="0" timestamp="2023-10-26T14:49:13 IST" skipped="0">
  <testcase classname="com.Tests.PIMTests" name="ValidateSearchFunctionality" time="23.408"/>
</testsuite> <!-- com.Tests.PIMTests -->
