<?xml version="1.0" encoding="UTF-8"?>
<!-- Generated by org.testng.reporters.JUnitReportReporter -->
<testsuite hostname="LAPTOP-8GD78RI5" failures="0" tests="1" name="com.Tests.PIMTests" time="13.127" errors="0" timestamp="2023-10-23T10:23:16 IST" skipped="0">
  <testcase classname="com.Tests.PIMTests" name="test1" time="13.127"/>
</testsuite> <!-- com.Tests.PIMTests -->
