<?xml version="1.0" encoding="UTF-8"?>
<!-- Generated by org.testng.reporters.JUnitReportReporter -->
<testsuite hostname="LAPTOP-8GD78RI5" failures="0" tests="7" name="com.Tests.ForgotPasswordPageTests" time="160.756" errors="0" timestamp="2023-10-26T22:25:35 IST" skipped="0">
  <testcase classname="com.Tests.ForgotPasswordPageTests" name="ValidateResetPasswordWithValidEmail" time="20.989"/>
  <testcase classname="com.Tests.ForgotPasswordPageTests" name="ValidateCancelButton" time="23.556"/>
  <testcase classname="com.Tests.ForgotPasswordPageTests" name="ValidateResetPasswordWithInvalidCredential" time="26.353"/>
  <testcase classname="com.Tests.ForgotPasswordPageTests" name="ValidateResetPasswordButton" time="23.182"/>
  <testcase classname="com.Tests.ForgotPasswordPageTests" name="ValidateResetPasswordWithBlankCredential" time="24.454"/>
  <testcase classname="com.Tests.ForgotPasswordPageTests" name="ValidateResetPasswordWithInvalidCharacterCredential" time="21.180"/>
  <testcase classname="com.Tests.ForgotPasswordPageTests" name="ValidateForgotPasswordURL" time="21.042"/>
</testsuite> <!-- com.Tests.ForgotPasswordPageTests -->
