<?xml version="1.0" encoding="UTF-8"?>
<!-- Generated by org.testng.reporters.JUnitReportReporter -->
<testsuite hostname="LAPTOP-8GD78RI5" failures="0" tests="1" name="com.Tests.PIMTests" time="19.537" errors="0" timestamp="2023-10-26T21:53:17 IST" skipped="0">
  <testcase classname="com.Tests.PIMTests" name="ValidateSearchFunctionality" time="19.537"/>
</testsuite> <!-- com.Tests.PIMTests -->
