<?xml version="1.0" encoding="UTF-8"?>
<!-- Generated by org.testng.reporters.JUnitReportReporter -->
<testsuite hostname="LAPTOP-8GD78RI5" failures="0" tests="1" name="com.Tests.PIMTests" time="34.563" errors="0" timestamp="2023-10-19T16:15:06 IST" skipped="0">
  <testcase classname="com.Tests.PIMTests" name="test1" time="34.563"/>
</testsuite> <!-- com.Tests.PIMTests -->
