<?xml version="1.0" encoding="UTF-8"?>
<!-- Generated by org.testng.reporters.JUnitReportReporter -->
<testsuite hostname="LAPTOP-8GD78RI5" failures="0" tests="1" name="com.Tests.LoginTestsExelData" time="31.129" errors="0" timestamp="2023-10-23T09:30:11 IST" skipped="0">
  <testcase classname="com.Tests.LoginTestsExelData" name="LoginWithSingleExelCredential" time="31.129"/>
</testsuite> <!-- com.Tests.LoginTestsExelData -->
