<?xml version="1.0" encoding="UTF-8"?>
<!-- Generated by org.testng.reporters.JUnitReportReporter -->
<testsuite hostname="Nagesh" failures="0" tests="1" name="com.Tests.PIMTests" time="24.116" errors="0" timestamp="2024-02-06T20:47:06 IST" skipped="0">
  <testcase classname="com.Tests.PIMTests" name="ValidateConfigurationDropDown" time="24.116"/>
</testsuite> <!-- com.Tests.PIMTests -->
