<?xml version="1.0" encoding="UTF-8"?>
<!-- Generated by org.testng.reporters.JUnitReportReporter -->
<testsuite hostname="LAPTOP-8GD78RI5" failures="0" tests="19" name="com.Tests.LoginTests" time="424.171" errors="0" timestamp="2023-10-26T22:25:35 IST" skipped="0">
  <testcase classname="com.Tests.LoginTests" name="LoginWithBlanckCredential" time="22.243"/>
  <testcase classname="com.Tests.LoginTests" name="ValidateYouTubeLinkIcon" time="33.301"/>
  <testcase classname="com.Tests.LoginTests" name="ValidateCopyRightText" time="21.177"/>
  <testcase classname="com.Tests.LoginTests" name="LoginWithInvalidCredentials" time="30.540"/>
  <testcase classname="com.Tests.LoginTests" name="LoginWithBlanckUsername" time="25.187"/>
  <testcase classname="com.Tests.LoginTests" name="LoginWithBlankPassword" time="23.439"/>
  <testcase classname="com.Tests.LoginTests" name="ValidateLogoBanner" time="17.211"/>
  <testcase classname="com.Tests.LoginTests" name="LoginWithValidCredential" time="20.361"/>
  <testcase classname="com.Tests.LoginTests" name="ValidateURL" time="21.122"/>
  <testcase classname="com.Tests.LoginTests" name="ValidateLinkdnLinkIcon" time="17.521"/>
  <testcase classname="com.Tests.LoginTests" name="LoginWithValidUsernameInvalidPassword" time="18.153"/>
  <testcase classname="com.Tests.LoginTests" name="ValidateForgotpasswordLink" time="23.836"/>
  <testcase classname="com.Tests.LoginTests" name="ValidateTitle" time="22.513"/>
  <testcase classname="com.Tests.LoginTests" name="ValidateFacebookLinkIcon" time="28.491"/>
  <testcase classname="com.Tests.LoginTests" name="LoginWithInvalidUsernameValidPassword" time="23.208"/>
  <testcase classname="com.Tests.LoginTests" name="LoginWithInvalidCharacterCredentials" time="17.880"/>
  <testcase classname="com.Tests.LoginTests" name="ValidateTwitterLinkIcon" time="21.866"/>
  <testcase classname="com.Tests.LoginTests" name="ValidateLogo" time="17.955"/>
  <testcase classname="com.Tests.LoginTests" name="ValidateWebApplicationVersionText" time="18.167"/>
</testsuite> <!-- com.Tests.LoginTests -->
