<?xml version="1.0" encoding="UTF-8"?>
<!-- Generated by org.testng.reporters.JUnitReportReporter -->
<testsuite hostname="Nagesh" failures="0" tests="7" name="com.Tests.ForgotPasswordPageTests" time="99.904" errors="0" timestamp="2023-12-07T13:55:17 IST" skipped="0">
  <testcase classname="com.Tests.ForgotPasswordPageTests" name="ValidateResetPasswordButton" time="12.356"/>
  <testcase classname="com.Tests.ForgotPasswordPageTests" name="ValidateResetPasswordWithInvalidCredential" time="15.211"/>
  <testcase classname="com.Tests.ForgotPasswordPageTests" name="ValidateResetPasswordWithBlankCredential" time="11.164"/>
  <testcase classname="com.Tests.ForgotPasswordPageTests" name="ValidateForgotPasswordURL" time="7.299"/>
  <testcase classname="com.Tests.ForgotPasswordPageTests" name="ValidateCancelButton" time="25.801"/>
  <testcase classname="com.Tests.ForgotPasswordPageTests" name="ValidateResetPasswordWithValidEmail" time="10.726"/>
  <testcase classname="com.Tests.ForgotPasswordPageTests" name="ValidateResetPasswordWithInvalidCharacterCredential" time="17.347"/>
</testsuite> <!-- com.Tests.ForgotPasswordPageTests -->
